<?xml version="1.0" encoding="UTF-8"?>
<testsuite xmlns:xsi="http://www.w3.org/2001/XMLSchema-instance" xsi:noNamespaceSchemaLocation="https://maven.apache.org/surefire/maven-surefire-plugin/xsd/surefire-test-report-3.0.xsd" version="3.0" name="StudentScoreTest" time="0.045" tests="3" errors="0" skipped="0" failures="0">
  <properties>
[...]
</properties>
  <testcase name="testPassScore" classname="StudentScoreTest" time="0.027"/>
  <testcase name="testFailScore" classname="StudentScoreTest" time="0.001"/>
  <testcase name="testExcellentScore" classname="StudentScoreTest" time="0.001"/>
</testsuite>